<?xml version="1.0" encoding="UTF-8"?>
<!-- Generated by org.testng.reporters.JUnitXMLReporter -->
<testsuite hostname="Kishori" ignored="0" name="AdminLTE_POM_1" tests="10" failures="0" timestamp="21 Nov 2018 06:44:36 GMT" time="154.197" errors="0">
  <testcase name="verifyAddUserTitle" time="0.044" classname="com.jbk.QA.TestCases.AddUserPage_Test"/>
  <testcase name="verifyuserpagesubtitle" time="0.019" classname="com.jbk.QA.TestCases.UserPage_Test"/>
  <testcase name="verifyNewMemberTitle" time="0.016" classname="com.jbk.QA.TestCases.RegistrationPage_Test"/>
  <testcase name="verifyoperatorlisttitle" time="0.014" classname="com.jbk.QA.TestCases.OperatorPage_Test"/>
  <testcase name="verifyDashboardTitle" time="0.011" classname="com.jbk.QA.TestCases.DashboardPage_Test"/>
  <testcase name="LoginPageTitleTest" time="0.025" classname="com.jbk.QA.TestCases.LoginpageTest"/>
  <testcase name="verifyPlaceholders" time="0.099" classname="com.jbk.QA.TestCases.AddUserPage_Test"/>
  <testcase name="valiadteAdduser" time="0.383" classname="com.jbk.QA.TestCases.UserPage_Test"/>
  <testcase name="verifyPlaceholder" time="0.115" classname="com.jbk.QA.TestCases.RegistrationPage_Test"/>
  <testcase name="verifyTextBox" time="0.001" classname="com.jbk.QA.TestCases.OperatorPage_Test"/>
</testsuite> <!-- AdminLTE_POM_1 -->
