<?xml version="1.0" encoding="UTF-8"?>
<!-- Generated by org.testng.reporters.JUnitXMLReporter -->
<testsuite hostname="Kishori" ignored="0" name="Command line test" tests="7" failures="0" timestamp="21 Nov 2018 09:34:30 GMT" time="125.467" errors="0">
  <testcase name="verifyAddUserTitle" time="0.016" classname="com.jbk.QA.TestCases.AddUserPage_Test"/>
  <testcase name="verifyDashboardTitle" time="0.013" classname="com.jbk.QA.TestCases.DashboardPage_Test"/>
  <testcase name="LoginPageTitleTest" time="0.03" classname="com.jbk.QA.TestCases.LoginpageTest"/>
  <testcase name="verifyoperatorlisttitle" time="0.016" classname="com.jbk.QA.TestCases.OperatorPage_Test"/>
  <testcase name="verifyNewMemberTitle" time="0.011" classname="com.jbk.QA.TestCases.RegistrationPage_Test"/>
  <testcase name="verifyuserpagesubtitle" time="0.011" classname="com.jbk.QA.TestCases.UserPage_Test"/>
  <testcase name="verifyPlaceholders" time="0.091" classname="com.jbk.QA.TestCases.AddUserPage_Test"/>
</testsuite> <!-- Command line test -->
